node:internal/modules/cjs/loader:1420
  const err = new Error(message);
              ^

Error: Cannot find module './request'
Require stack:
- /Users/energeticboy/Desktop/virtualAssistant/backend/node_modules/express/lib/express.js
    at Module._resolveFilename (node:internal/modules/cjs/loader:1420:15)
    at defaultResolveImpl (node:internal/modules/cjs/loader:1058:19)
    at resolveForCJSWithHooks (node:internal/modules/cjs/loader:1063:22)
    at Module._load (node:internal/modules/cjs/loader:1226:37)
    at TracingChannel.traceSync (node:diagnostics_channel:328:14)
    at wrapModuleLoad (node:internal/modules/cjs/loader:245:24)
    at Module.require (node:internal/modules/cjs/loader:1503:12)
    at require (node:internal/modules/helpers:152:16)
    at Object.<anonymous> (/Users/energeticboy/Desktop/virtualAssistant/backend/node_modules/express/lib/express.js:20:11)
    at Module._compile (node:internal/modules/cjs/loader:1760:14) {
  code: 'MODULE_NOT_FOUND',
  requireStack: [
    '/Users/energeticboy/Desktop/virtualAssistant/backend/node_modules/express/lib/express.js'
  ]
}

Node.js v25.2.1
